[INFO] data_dir=/Users/jimyhc/Desktop/research/xai_sentiment/root/data
[INFO] out_dir=/Users/jimyhc/Desktop/research/xai_sentiment/root/data/_derived/audits/20260207_231628
[INFO] AAPL: events=20
[INFO] ABBV: events=20
[INFO] AMD: events=20
[INFO] AMZN: events=20
[INFO] AVGO: events=20
[INFO] BAC: events=20
[INFO] GOOGL: events=20
[INFO] HD: events=20
[INFO] JNJ: events=20
[INFO] JPM: events=20
[INFO] LLY: events=20
[INFO] MA: events=20
[INFO] META: events=20
[INFO] MSFT: events=20
[INFO] MU: events=20
[INFO] NVDA: events=20
[INFO] ORCL: events=20
[INFO] TSLA: events=20
[INFO] V: events=20
[INFO] WMT: events=20
[INFO] wrote /Users/jimyhc/Desktop/research/xai_sentiment/root/data/_derived/audits/20260207_231628/audit_events.csv rows=400
[INFO] wrote /Users/jimyhc/Desktop/research/xai_sentiment/root/data/_derived/audits/20260207_231628/audit_news_publishers_by_event_phase.csv rows=16922
[INFO] wrote /Users/jimyhc/Desktop/research/xai_sentiment/root/data/_derived/audits/20260207_231628/audit_transcript_lengths_by_event_section.csv rows=800
[INFO] wrote /Users/jimyhc/Desktop/research/xai_sentiment/root/data/_derived/audits/20260207_231628/audit_missingness_by_column.csv rows=5820
[INFO] wrote /Users/jimyhc/Desktop/research/xai_sentiment/root/data/_derived/audits/20260207_231628/audit_diff_coverage.csv rows=120
[INFO] DONE
